build/app/intermediates/manifest_merge_blame_file/debug/manifest-merger-blame-debug-report.txt
1<?xml version="1.0" encoding="utf-8"?>
2<manifest xmlns:android="http://schemas.android.com/apk/res/android"
3    package="com.example.al_hashmi_market"
4    android:versionCode="1"
5    android:versionName="1.0.0" >
6
7    <uses-sdk
8        android:minSdkVersion="21"
9        android:targetSdkVersion="30" />
10    <!--
11         Flutter needs it to communicate with the running application
12         to allow setting breakpoints, to provide hot reload, etc.
13    -->
14    <uses-permission android:name="android.permission.INTERNET" />
14-->src/debug/AndroidManifest.xml:6:5-66
14-->src/debug/AndroidManifest.xml:6:22-64
15    <uses-permission android:name="android.permission.WAKE_LOCK" />
15-->[:firebase_messaging] AndroidManifest.xml:8:5-68
15-->[:firebase_messaging] AndroidManifest.xml:8:22-65
16    <uses-permission android:name="android.permission.ACCESS_NETWORK_STATE" />
16-->[:firebase_messaging] AndroidManifest.xml:9:5-79
16-->[:firebase_messaging] AndroidManifest.xml:9:22-76
17    <uses-permission android:name="android.permission.RECEIVE_BOOT_COMPLETED" />
17-->[:flutter_local_notifications] AndroidManifest.xml:7:5-81
17-->[:flutter_local_notifications] AndroidManifest.xml:7:22-78
18    <uses-permission android:name="android.permission.VIBRATE" />
18-->[:flutter_local_notifications] AndroidManifest.xml:8:5-66
18-->[:flutter_local_notifications] AndroidManifest.xml:8:22-63
19    <uses-permission android:name="android.permission.USE_FULL_SCREEN_INTENT" />
19-->[:flutter_local_notifications] AndroidManifest.xml:9:5-81
19-->[:flutter_local_notifications] AndroidManifest.xml:9:22-78
20    <uses-permission android:name="android.permission.SCHEDULE_EXACT_ALARM" />
20-->[:flutter_local_notifications] AndroidManifest.xml:10:5-79
20-->[:flutter_local_notifications] AndroidManifest.xml:10:22-76
21    <uses-permission android:name="android.permission.CALL_PHONE" />
21-->[:flutter_phone_direct_caller] AndroidManifest.xml:9:5-69
21-->[:flutter_phone_direct_caller] AndroidManifest.xml:9:22-66
22
23    <uses-feature
23-->[:flutter_phone_direct_caller] AndroidManifest.xml:11:5-13:36
24        android:name="android.hardware.telephony"
24-->[:flutter_phone_direct_caller] AndroidManifest.xml:12:9-50
25        android:required="false" /> <!-- Required by older versions of Google Play services to create IID tokens -->
25-->[:flutter_phone_direct_caller] AndroidManifest.xml:13:9-33
26    <uses-permission android:name="com.google.android.c2dm.permission.RECEIVE" />
26-->[com.google.firebase:firebase-messaging:23.0.4] AndroidManifest.xml:28:5-82
26-->[com.google.firebase:firebase-messaging:23.0.4] AndroidManifest.xml:28:22-79
27
28    <application
29        android:name="android.app.Application"
30        android:appComponentFactory="androidx.core.app.CoreComponentFactory"
30-->[androidx.core:core:1.6.0] AndroidManifest.xml:24:18-86
31        android:debuggable="true"
32        android:icon="@mipmap/ic_launcher"
33        android:label="al_hashmi_market" >
34        <activity
35            android:name="com.example.al_hashmi_market.MainActivity"
36            android:configChanges="orientation|keyboardHidden|keyboard|screenSize|smallestScreenSize|locale|layoutDirection|fontScale|screenLayout|density|uiMode"
37            android:exported="true"
38            android:hardwareAccelerated="true"
39            android:launchMode="singleTop"
40            android:theme="@style/LaunchTheme"
41            android:windowSoftInputMode="adjustResize" >
42
43            <!--
44                 Specifies an Android theme to apply to this Activity as soon as
45                 the Android process has started. This theme is visible to the user
46                 while the Flutter UI initializes. After that, this theme continues
47                 to determine the Window background behind the Flutter UI.
48            -->
49            <meta-data
50                android:name="io.flutter.embedding.android.NormalTheme"
51                android:resource="@style/NormalTheme" />
52
53            <intent-filter>
54                <action android:name="android.intent.action.MAIN" />
55
56                <category android:name="android.intent.category.LAUNCHER" />
57            </intent-filter>
58        </activity>
59        <!--
60             Don't delete the meta-data below.
61             This is used by the Flutter tool to generate GeneratedPluginRegistrant.java
62        -->
63        <meta-data
64            android:name="flutterEmbedding"
65            android:value="2" />
66
67        <service
67-->[:firebase_auth] AndroidManifest.xml:8:9-12:19
68            android:name="com.google.firebase.components.ComponentDiscoveryService"
68-->[:firebase_auth] AndroidManifest.xml:8:18-89
69            android:directBootAware="true"
69-->[com.google.firebase:firebase-common:20.1.1] AndroidManifest.xml:35:13-43
70            android:exported="false" >
70-->[com.google.firebase:firebase-messaging:23.0.4] AndroidManifest.xml:54:13-37
71            <meta-data
71-->[:firebase_auth] AndroidManifest.xml:9:13-11:85
72                android:name="com.google.firebase.components:io.flutter.plugins.firebase.auth.FlutterFirebaseAuthRegistrar"
72-->[:firebase_auth] AndroidManifest.xml:10:17-124
73                android:value="com.google.firebase.components.ComponentRegistrar" />
73-->[:firebase_auth] AndroidManifest.xml:11:17-82
74            <meta-data
74-->[:firebase_storage] AndroidManifest.xml:9:13-11:85
75                android:name="com.google.firebase.components:io.flutter.plugins.firebase.storage.FlutterFirebaseAppRegistrar"
75-->[:firebase_storage] AndroidManifest.xml:10:17-126
76                android:value="com.google.firebase.components.ComponentRegistrar" />
76-->[:firebase_storage] AndroidManifest.xml:11:17-82
77            <meta-data
77-->[:firebase_messaging] AndroidManifest.xml:34:13-36:85
78                android:name="com.google.firebase.components:io.flutter.plugins.firebase.messaging.FlutterFirebaseAppRegistrar"
78-->[:firebase_messaging] AndroidManifest.xml:35:17-128
79                android:value="com.google.firebase.components.ComponentRegistrar" />
79-->[:firebase_messaging] AndroidManifest.xml:36:17-82
80            <meta-data
80-->[:firebase_core] AndroidManifest.xml:9:13-11:85
81                android:name="com.google.firebase.components:io.flutter.plugins.firebase.core.FlutterFirebaseCoreRegistrar"
81-->[:firebase_core] AndroidManifest.xml:10:17-124
82                android:value="com.google.firebase.components.ComponentRegistrar" />
82-->[:firebase_core] AndroidManifest.xml:11:17-82
83            <meta-data
83-->[com.google.firebase:firebase-messaging:23.0.4] AndroidManifest.xml:55:13-57:85
84                android:name="com.google.firebase.components:com.google.firebase.messaging.FirebaseMessagingRegistrar"
84-->[com.google.firebase:firebase-messaging:23.0.4] AndroidManifest.xml:56:17-119
85                android:value="com.google.firebase.components.ComponentRegistrar" />
85-->[com.google.firebase:firebase-messaging:23.0.4] AndroidManifest.xml:57:17-82
86            <meta-data
86-->[com.google.firebase:firebase-datatransport:18.1.3] AndroidManifest.xml:28:13-30:85
87                android:name="com.google.firebase.components:com.google.firebase.datatransport.TransportRegistrar"
87-->[com.google.firebase:firebase-datatransport:18.1.3] AndroidManifest.xml:29:17-115
88                android:value="com.google.firebase.components.ComponentRegistrar" />
88-->[com.google.firebase:firebase-datatransport:18.1.3] AndroidManifest.xml:30:17-82
89            <meta-data
89-->[com.google.firebase:firebase-auth:21.0.3] AndroidManifest.xml:67:13-69:85
90                android:name="com.google.firebase.components:com.google.firebase.auth.FirebaseAuthRegistrar"
90-->[com.google.firebase:firebase-auth:21.0.3] AndroidManifest.xml:68:17-109
91                android:value="com.google.firebase.components.ComponentRegistrar" />
91-->[com.google.firebase:firebase-auth:21.0.3] AndroidManifest.xml:69:17-82
92            <meta-data
92-->[com.google.firebase:firebase-storage:20.0.1] AndroidManifest.xml:33:13-35:85
93                android:name="com.google.firebase.components:com.google.firebase.storage.StorageRegistrar"
93-->[com.google.firebase:firebase-storage:20.0.1] AndroidManifest.xml:34:17-107
94                android:value="com.google.firebase.components.ComponentRegistrar" />
94-->[com.google.firebase:firebase-storage:20.0.1] AndroidManifest.xml:35:17-82
95            <meta-data
95-->[com.google.firebase:firebase-installations:17.0.1] AndroidManifest.xml:18:13-20:85
96                android:name="com.google.firebase.components:com.google.firebase.installations.FirebaseInstallationsRegistrar"
96-->[com.google.firebase:firebase-installations:17.0.1] AndroidManifest.xml:19:17-127
97                android:value="com.google.firebase.components.ComponentRegistrar" />
97-->[com.google.firebase:firebase-installations:17.0.1] AndroidManifest.xml:20:17-82
98        </service>
99        <service
99-->[:firebase_messaging] AndroidManifest.xml:12:9-15:72
100            android:name="io.flutter.plugins.firebase.messaging.FlutterFirebaseMessagingBackgroundService"
100-->[:firebase_messaging] AndroidManifest.xml:13:13-107
101            android:exported="false"
101-->[:firebase_messaging] AndroidManifest.xml:14:13-37
102            android:permission="android.permission.BIND_JOB_SERVICE" />
102-->[:firebase_messaging] AndroidManifest.xml:15:13-69
103        <service
103-->[:firebase_messaging] AndroidManifest.xml:16:9-22:19
104            android:name="io.flutter.plugins.firebase.messaging.FlutterFirebaseMessagingService"
104-->[:firebase_messaging] AndroidManifest.xml:17:13-97
105            android:exported="false" >
105-->[:firebase_messaging] AndroidManifest.xml:18:13-37
106            <intent-filter>
106-->[:firebase_messaging] AndroidManifest.xml:19:13-21:29
107                <action android:name="com.google.firebase.MESSAGING_EVENT" />
107-->[:firebase_messaging] AndroidManifest.xml:20:17-78
107-->[:firebase_messaging] AndroidManifest.xml:20:25-75
108            </intent-filter>
109        </service>
110
111        <receiver
111-->[:firebase_messaging] AndroidManifest.xml:24:9-31:20
112            android:name="io.flutter.plugins.firebase.messaging.FlutterFirebaseMessagingReceiver"
112-->[:firebase_messaging] AndroidManifest.xml:25:13-98
113            android:exported="true"
113-->[:firebase_messaging] AndroidManifest.xml:26:13-36
114            android:permission="com.google.android.c2dm.permission.SEND" >
114-->[:firebase_messaging] AndroidManifest.xml:27:13-73
115            <intent-filter>
115-->[:firebase_messaging] AndroidManifest.xml:28:13-30:29
116                <action android:name="com.google.android.c2dm.intent.RECEIVE" />
116-->[:firebase_messaging] AndroidManifest.xml:29:17-81
116-->[:firebase_messaging] AndroidManifest.xml:29:25-78
117            </intent-filter>
118        </receiver>
119
120        <provider
120-->[:firebase_messaging] AndroidManifest.xml:39:9-43:38
121            android:name="io.flutter.plugins.firebase.messaging.FlutterFirebaseMessagingInitProvider"
121-->[:firebase_messaging] AndroidManifest.xml:40:13-102
122            android:authorities="com.example.al_hashmi_market.flutterfirebasemessaginginitprovider"
122-->[:firebase_messaging] AndroidManifest.xml:41:13-88
123            android:exported="false"
123-->[:firebase_messaging] AndroidManifest.xml:42:13-37
124            android:initOrder="99" />
124-->[:firebase_messaging] AndroidManifest.xml:43:13-35
125        <provider
125-->[:image_picker_android] AndroidManifest.xml:8:9-16:20
126            android:name="io.flutter.plugins.imagepicker.ImagePickerFileProvider"
126-->[:image_picker_android] AndroidManifest.xml:9:13-82
127            android:authorities="com.example.al_hashmi_market.flutter.image_provider"
127-->[:image_picker_android] AndroidManifest.xml:10:13-74
128            android:exported="false"
128-->[:image_picker_android] AndroidManifest.xml:11:13-37
129            android:grantUriPermissions="true" >
129-->[:image_picker_android] AndroidManifest.xml:12:13-47
130            <meta-data
130-->[:image_picker_android] AndroidManifest.xml:13:13-15:75
131                android:name="android.support.FILE_PROVIDER_PATHS"
131-->[:image_picker_android] AndroidManifest.xml:14:17-67
132                android:resource="@xml/flutter_image_picker_file_paths" />
132-->[:image_picker_android] AndroidManifest.xml:15:17-72
133        </provider>
134
135        <receiver
135-->[:flutter_local_notifications] AndroidManifest.xml:13:9-15:40
136            android:name="com.dexterous.flutterlocalnotifications.ScheduledNotificationReceiver"
136-->[:flutter_local_notifications] AndroidManifest.xml:14:13-97
137            android:exported="false" />
137-->[:flutter_local_notifications] AndroidManifest.xml:15:13-37
138        <receiver
138-->[:flutter_local_notifications] AndroidManifest.xml:16:9-25:20
139            android:name="com.dexterous.flutterlocalnotifications.ScheduledNotificationBootReceiver"
139-->[:flutter_local_notifications] AndroidManifest.xml:17:13-101
140            android:exported="false" >
140-->[:flutter_local_notifications] AndroidManifest.xml:18:13-37
141            <intent-filter>
141-->[:flutter_local_notifications] AndroidManifest.xml:19:13-24:29
142                <action android:name="android.intent.action.BOOT_COMPLETED" />
142-->[:flutter_local_notifications] AndroidManifest.xml:20:17-79
142-->[:flutter_local_notifications] AndroidManifest.xml:20:25-76
143                <action android:name="android.intent.action.MY_PACKAGE_REPLACED" />
143-->[:flutter_local_notifications] AndroidManifest.xml:21:17-84
143-->[:flutter_local_notifications] AndroidManifest.xml:21:25-81
144                <action android:name="android.intent.action.QUICKBOOT_POWERON" />
144-->[:flutter_local_notifications] AndroidManifest.xml:22:17-82
144-->[:flutter_local_notifications] AndroidManifest.xml:22:25-79
145                <action android:name="com.htc.intent.action.QUICKBOOT_POWERON" />
145-->[:flutter_local_notifications] AndroidManifest.xml:23:17-82
145-->[:flutter_local_notifications] AndroidManifest.xml:23:25-79
146            </intent-filter>
147        </receiver>
148
149        <activity
149-->[:url_launcher_android] AndroidManifest.xml:8:9-11:74
150            android:name="io.flutter.plugins.urllauncher.WebViewActivity"
150-->[:url_launcher_android] AndroidManifest.xml:9:13-74
151            android:exported="false"
151-->[:url_launcher_android] AndroidManifest.xml:10:13-37
152            android:theme="@android:style/Theme.NoTitleBar.Fullscreen" />
152-->[:url_launcher_android] AndroidManifest.xml:11:13-71
153
154        <uses-library
154-->[androidx.window:window:1.0.0-beta04] AndroidManifest.xml:25:9-27:40
155            android:name="androidx.window.extensions"
155-->[androidx.window:window:1.0.0-beta04] AndroidManifest.xml:26:13-54
156            android:required="false" />
156-->[androidx.window:window:1.0.0-beta04] AndroidManifest.xml:27:13-37
157        <uses-library
157-->[androidx.window:window:1.0.0-beta04] AndroidManifest.xml:28:9-30:40
158            android:name="androidx.window.sidecar"
158-->[androidx.window:window:1.0.0-beta04] AndroidManifest.xml:29:13-51
159            android:required="false" />
159-->[androidx.window:window:1.0.0-beta04] AndroidManifest.xml:30:13-37
160
161        <receiver
161-->[com.google.firebase:firebase-messaging:23.0.4] AndroidManifest.xml:31:9-38:20
162            android:name="com.google.firebase.iid.FirebaseInstanceIdReceiver"
162-->[com.google.firebase:firebase-messaging:23.0.4] AndroidManifest.xml:32:13-78
163            android:exported="true"
163-->[com.google.firebase:firebase-messaging:23.0.4] AndroidManifest.xml:33:13-36
164            android:permission="com.google.android.c2dm.permission.SEND" >
164-->[com.google.firebase:firebase-messaging:23.0.4] AndroidManifest.xml:34:13-73
165            <intent-filter>
165-->[:firebase_messaging] AndroidManifest.xml:28:13-30:29
166                <action android:name="com.google.android.c2dm.intent.RECEIVE" />
166-->[:firebase_messaging] AndroidManifest.xml:29:17-81
166-->[:firebase_messaging] AndroidManifest.xml:29:25-78
167            </intent-filter>
168        </receiver>
169        <!--
170             FirebaseMessagingService performs security checks at runtime,
171             but set to not exported to explicitly avoid allowing another app to call it.
172        -->
173        <service
173-->[com.google.firebase:firebase-messaging:23.0.4] AndroidManifest.xml:44:9-51:19
174            android:name="com.google.firebase.messaging.FirebaseMessagingService"
174-->[com.google.firebase:firebase-messaging:23.0.4] AndroidManifest.xml:45:13-82
175            android:directBootAware="true"
175-->[com.google.firebase:firebase-messaging:23.0.4] AndroidManifest.xml:46:13-43
176            android:exported="false" >
176-->[com.google.firebase:firebase-messaging:23.0.4] AndroidManifest.xml:47:13-37
177            <intent-filter android:priority="-500" >
177-->[:firebase_messaging] AndroidManifest.xml:19:13-21:29
178                <action android:name="com.google.firebase.MESSAGING_EVENT" />
178-->[:firebase_messaging] AndroidManifest.xml:20:17-78
178-->[:firebase_messaging] AndroidManifest.xml:20:25-75
179            </intent-filter>
180        </service>
181        <service
181-->[com.google.android.datatransport:transport-backend-cct:3.1.4] AndroidManifest.xml:29:9-35:19
182            android:name="com.google.android.datatransport.runtime.backends.TransportBackendDiscovery"
182-->[com.google.android.datatransport:transport-backend-cct:3.1.4] AndroidManifest.xml:30:13-103
183            android:exported="false" >
183-->[com.google.android.datatransport:transport-backend-cct:3.1.4] AndroidManifest.xml:31:13-37
184            <meta-data
184-->[com.google.android.datatransport:transport-backend-cct:3.1.4] AndroidManifest.xml:32:13-34:39
185                android:name="backend:com.google.android.datatransport.cct.CctBackendFactory"
185-->[com.google.android.datatransport:transport-backend-cct:3.1.4] AndroidManifest.xml:33:17-94
186                android:value="cct" />
186-->[com.google.android.datatransport:transport-backend-cct:3.1.4] AndroidManifest.xml:34:17-36
187        </service>
188        <service
188-->[com.google.android.datatransport:transport-runtime:3.1.4] AndroidManifest.xml:26:9-30:19
189            android:name="com.google.android.datatransport.runtime.scheduling.jobscheduling.JobInfoSchedulerService"
189-->[com.google.android.datatransport:transport-runtime:3.1.4] AndroidManifest.xml:27:13-117
190            android:exported="false"
190-->[com.google.android.datatransport:transport-runtime:3.1.4] AndroidManifest.xml:28:13-37
191            android:permission="android.permission.BIND_JOB_SERVICE" >
191-->[com.google.android.datatransport:transport-runtime:3.1.4] AndroidManifest.xml:29:13-69
192        </service>
193
194        <receiver
194-->[com.google.android.datatransport:transport-runtime:3.1.4] AndroidManifest.xml:32:9-34:40
195            android:name="com.google.android.datatransport.runtime.scheduling.jobscheduling.AlarmManagerSchedulerBroadcastReceiver"
195-->[com.google.android.datatransport:transport-runtime:3.1.4] AndroidManifest.xml:33:13-132
196            android:exported="false" />
196-->[com.google.android.datatransport:transport-runtime:3.1.4] AndroidManifest.xml:34:13-37
197
198        <activity
198-->[com.google.firebase:firebase-auth:21.0.3] AndroidManifest.xml:27:9-44:20
199            android:name="com.google.firebase.auth.internal.GenericIdpActivity"
199-->[com.google.firebase:firebase-auth:21.0.3] AndroidManifest.xml:28:13-80
200            android:excludeFromRecents="true"
200-->[com.google.firebase:firebase-auth:21.0.3] AndroidManifest.xml:29:13-46
201            android:exported="true"
201-->[com.google.firebase:firebase-auth:21.0.3] AndroidManifest.xml:30:13-36
202            android:launchMode="singleTask"
202-->[com.google.firebase:firebase-auth:21.0.3] AndroidManifest.xml:31:13-44
203            android:theme="@android:style/Theme.Translucent.NoTitleBar" >
203-->[com.google.firebase:firebase-auth:21.0.3] AndroidManifest.xml:32:13-72
204            <intent-filter>
204-->[com.google.firebase:firebase-auth:21.0.3] AndroidManifest.xml:33:13-43:29
205                <action android:name="android.intent.action.VIEW" />
205-->[com.google.firebase:firebase-auth:21.0.3] AndroidManifest.xml:34:17-69
205-->[com.google.firebase:firebase-auth:21.0.3] AndroidManifest.xml:34:25-66
206
207                <category android:name="android.intent.category.DEFAULT" />
207-->[com.google.firebase:firebase-auth:21.0.3] AndroidManifest.xml:36:17-76
207-->[com.google.firebase:firebase-auth:21.0.3] AndroidManifest.xml:36:27-73
208                <category android:name="android.intent.category.BROWSABLE" />
208-->[com.google.firebase:firebase-auth:21.0.3] AndroidManifest.xml:37:17-78
208-->[com.google.firebase:firebase-auth:21.0.3] AndroidManifest.xml:37:27-75
209
210                <data
210-->[com.google.firebase:firebase-auth:21.0.3] AndroidManifest.xml:39:17-42:51
211                    android:host="firebase.auth"
211-->[com.google.firebase:firebase-auth:21.0.3] AndroidManifest.xml:40:21-49
212                    android:path="/"
212-->[com.google.firebase:firebase-auth:21.0.3] AndroidManifest.xml:41:21-37
213                    android:scheme="genericidp" />
213-->[com.google.firebase:firebase-auth:21.0.3] AndroidManifest.xml:42:21-48
214            </intent-filter>
215        </activity>
216        <activity
216-->[com.google.firebase:firebase-auth:21.0.3] AndroidManifest.xml:45:9-62:20
217            android:name="com.google.firebase.auth.internal.RecaptchaActivity"
217-->[com.google.firebase:firebase-auth:21.0.3] AndroidManifest.xml:46:13-79
218            android:excludeFromRecents="true"
218-->[com.google.firebase:firebase-auth:21.0.3] AndroidManifest.xml:47:13-46
219            android:exported="true"
219-->[com.google.firebase:firebase-auth:21.0.3] AndroidManifest.xml:48:13-36
220            android:launchMode="singleTask"
220-->[com.google.firebase:firebase-auth:21.0.3] AndroidManifest.xml:49:13-44
221            android:theme="@android:style/Theme.Translucent.NoTitleBar" >
221-->[com.google.firebase:firebase-auth:21.0.3] AndroidManifest.xml:50:13-72
222            <intent-filter>
222-->[com.google.firebase:firebase-auth:21.0.3] AndroidManifest.xml:51:13-61:29
223                <action android:name="android.intent.action.VIEW" />
223-->[com.google.firebase:firebase-auth:21.0.3] AndroidManifest.xml:34:17-69
223-->[com.google.firebase:firebase-auth:21.0.3] AndroidManifest.xml:34:25-66
224
225                <category android:name="android.intent.category.DEFAULT" />
225-->[com.google.firebase:firebase-auth:21.0.3] AndroidManifest.xml:36:17-76
225-->[com.google.firebase:firebase-auth:21.0.3] AndroidManifest.xml:36:27-73
226                <category android:name="android.intent.category.BROWSABLE" />
226-->[com.google.firebase:firebase-auth:21.0.3] AndroidManifest.xml:37:17-78
226-->[com.google.firebase:firebase-auth:21.0.3] AndroidManifest.xml:37:27-75
227
228                <data
228-->[com.google.firebase:firebase-auth:21.0.3] AndroidManifest.xml:39:17-42:51
229                    android:host="firebase.auth"
229-->[com.google.firebase:firebase-auth:21.0.3] AndroidManifest.xml:40:21-49
230                    android:path="/"
230-->[com.google.firebase:firebase-auth:21.0.3] AndroidManifest.xml:41:21-37
231                    android:scheme="recaptcha" />
231-->[com.google.firebase:firebase-auth:21.0.3] AndroidManifest.xml:42:21-48
232            </intent-filter>
233        </activity>
234
235        <provider
235-->[com.google.firebase:firebase-common:20.1.1] AndroidManifest.xml:26:9-31:39
236            android:name="com.google.firebase.provider.FirebaseInitProvider"
236-->[com.google.firebase:firebase-common:20.1.1] AndroidManifest.xml:27:13-77
237            android:authorities="com.example.al_hashmi_market.firebaseinitprovider"
237-->[com.google.firebase:firebase-common:20.1.1] AndroidManifest.xml:28:13-72
238            android:directBootAware="true"
238-->[com.google.firebase:firebase-common:20.1.1] AndroidManifest.xml:29:13-43
239            android:exported="false"
239-->[com.google.firebase:firebase-common:20.1.1] AndroidManifest.xml:30:13-37
240            android:initOrder="100" />
240-->[com.google.firebase:firebase-common:20.1.1] AndroidManifest.xml:31:13-36
241
242        <activity
242-->[com.google.android.gms:play-services-auth:20.0.1] AndroidManifest.xml:23:9-27:75
243            android:name="com.google.android.gms.auth.api.signin.internal.SignInHubActivity"
243-->[com.google.android.gms:play-services-auth:20.0.1] AndroidManifest.xml:24:13-93
244            android:excludeFromRecents="true"
244-->[com.google.android.gms:play-services-auth:20.0.1] AndroidManifest.xml:25:13-46
245            android:exported="false"
245-->[com.google.android.gms:play-services-auth:20.0.1] AndroidManifest.xml:26:13-37
246            android:theme="@android:style/Theme.Translucent.NoTitleBar" />
246-->[com.google.android.gms:play-services-auth:20.0.1] AndroidManifest.xml:27:13-72
247        <!--
248            Service handling Google Sign-In user revocation. For apps that do not integrate with
249            Google Sign-In, this service will never be started.
250        -->
251        <service
251-->[com.google.android.gms:play-services-auth:20.0.1] AndroidManifest.xml:33:9-37:51
252            android:name="com.google.android.gms.auth.api.signin.RevocationBoundService"
252-->[com.google.android.gms:play-services-auth:20.0.1] AndroidManifest.xml:34:13-89
253            android:exported="true"
253-->[com.google.android.gms:play-services-auth:20.0.1] AndroidManifest.xml:35:13-36
254            android:permission="com.google.android.gms.auth.api.signin.permission.REVOCATION_NOTIFICATION"
254-->[com.google.android.gms:play-services-auth:20.0.1] AndroidManifest.xml:36:13-107
255            android:visibleToInstantApps="true" />
255-->[com.google.android.gms:play-services-auth:20.0.1] AndroidManifest.xml:37:13-48
256
257        <activity
257-->[com.google.android.gms:play-services-base:18.0.1] AndroidManifest.xml:20:9-22:45
258            android:name="com.google.android.gms.common.api.GoogleApiActivity"
258-->[com.google.android.gms:play-services-base:18.0.1] AndroidManifest.xml:20:19-85
259            android:exported="false"
259-->[com.google.android.gms:play-services-base:18.0.1] AndroidManifest.xml:22:19-43
260            android:theme="@android:style/Theme.Translucent.NoTitleBar" />
260-->[com.google.android.gms:play-services-base:18.0.1] AndroidManifest.xml:21:19-78
261
262        <meta-data
262-->[com.google.android.gms:play-services-basement:18.0.0] AndroidManifest.xml:21:9-23:69
263            android:name="com.google.android.gms.version"
263-->[com.google.android.gms:play-services-basement:18.0.0] AndroidManifest.xml:22:13-58
264            android:value="@integer/google_play_services_version" />
264-->[com.google.android.gms:play-services-basement:18.0.0] AndroidManifest.xml:23:13-66
265    </application>
266
267</manifest>